# JRE version: OpenJDK Runtime Environment (8.0_202-b03) (build 1.8.0_202-release-1483-b03)
# Java VM: OpenJDK 64-Bit Server VM (25.202-b03 mixed mode windows-amd64 compressed oops)
Heap:
 PSYoungGen      total 259584K, used 91138K [0x00000000e0000000, 0x00000000f3380000, 0x0000000100000000)
  eden space 220160K, 33% used [0x00000000e0000000,0x00000000e4788948,0x00000000ed700000)
  from space 39424K, 45% used [0x00000000ed700000,0x00000000ee878030,0x00000000efd80000)
  to   space 37888K, 0% used [0x00000000f0e80000,0x00000000f0e80000,0x00000000f3380000)
 ParOldGen       total 378368K, used 69800K [0x00000000a0000000, 0x00000000b7180000, 0x00000000e0000000)
  object space 378368K, 18% used [0x00000000a0000000,0x00000000a442a1d8,0x00000000b7180000)
 Metaspace       used 93956K, capacity 99039K, committed 99240K, reserved 1134592K
  class space    used 12518K, capacity 13544K, committed 13608K, reserved 1048576K
GC Heap History (10 events):
Event: 1493.921 GC heap before
{Heap before GC invocations=19 (full 3):
 PSYoungGen      total 260608K, used 260577K [0x00000000e0000000, 0x00000000f4880000, 0x0000000100000000)
  eden space 224768K, 100% used [0x00000000e0000000,0x00000000edb80000,0x00000000edb80000)
  from space 35840K, 99% used [0x00000000edb80000,0x00000000efe78400,0x00000000efe80000)
  to   space 41472K, 0% used [0x00000000f2000000,0x00000000f2000000,0x00000000f4880000)
 ParOldGen       total 242688K, used 67173K [0x00000000a0000000, 0x00000000aed00000, 0x00000000e0000000)
  object space 242688K, 27% used [0x00000000a0000000,0x00000000a4199670,0x00000000aed00000)
 Metaspace       used 92631K, capacity 97308K, committed 97432K, reserved 1132544K
  class space    used 12447K, capacity 13384K, committed 13480K, reserved 1048576K
Event: 1493.952 GC heap after
Heap after GC invocations=19 (full 3):
 PSYoungGen      total 244224K, used 24976K [0x00000000e0000000, 0x00000000f3880000, 0x0000000100000000)
  eden space 219136K, 0% used [0x00000000e0000000,0x00000000e0000000,0x00000000ed600000)
  from space 25088K, 99% used [0x00000000f2000000,0x00000000f3864060,0x00000000f3880000)
  to   space 41472K, 0% used [0x00000000ee780000,0x00000000ee780000,0x00000000f1000000)
 ParOldGen       total 242688K, used 82433K [0x00000000a0000000, 0x00000000aed00000, 0x00000000e0000000)
  object space 242688K, 33% used [0x00000000a0000000,0x00000000a50804e0,0x00000000aed00000)
 Metaspace       used 92631K, capacity 97308K, committed 97432K, reserved 1132544K
  class space    used 12447K, capacity 13384K, committed 13480K, reserved 1048576K
}
Event: 1728.365 GC heap before
{Heap before GC invocations=20 (full 3):
 PSYoungGen      total 244224K, used 244112K [0x00000000e0000000, 0x00000000f3880000, 0x0000000100000000)
  eden space 219136K, 100% used [0x00000000e0000000,0x00000000ed600000,0x00000000ed600000)
  from space 25088K, 99% used [0x00000000f2000000,0x00000000f3864060,0x00000000f3880000)
  to   space 41472K, 0% used [0x00000000ee780000,0x00000000ee780000,0x00000000f1000000)
 ParOldGen       total 242688K, used 82433K [0x00000000a0000000, 0x00000000aed00000, 0x00000000e0000000)
  object space 242688K, 33% used [0x00000000a0000000,0x00000000a50804e0,0x00000000aed00000)
 Metaspace       used 93430K, capacity 98222K, committed 98456K, reserved 1134592K
  class space    used 12482K, capacity 13439K, committed 13480K, reserved 1048576K
Event: 1728.387 GC heap after
Heap after GC invocations=20 (full 3):
 PSYoungGen      total 236032K, used 22064K [0x00000000e0000000, 0x00000000f2080000, 0x0000000100000000)
  eden space 213504K, 0% used [0x00000000e0000000,0x00000000e0000000,0x00000000ed080000)
  from space 22528K, 97% used [0x00000000ee780000,0x00000000efd0c040,0x00000000efd80000)
  to   space 35840K, 0% used [0x00000000efd80000,0x00000000efd80000,0x00000000f2080000)
 ParOldGen       total 242688K, used 82441K [0x00000000a0000000, 0x00000000aed00000, 0x00000000e0000000)
  object space 242688K, 33% used [0x00000000a0000000,0x00000000a50824e0,0x00000000aed00000)
 Metaspace       used 93430K, capacity 98222K, committed 98456K, reserved 1134592K
  class space    used 12482K, capacity 13439K, committed 13480K, reserved 1048576K
}
Event: 1729.227 GC heap before
{Heap before GC invocations=21 (full 3):
 PSYoungGen      total 236032K, used 100726K [0x00000000e0000000, 0x00000000f2080000, 0x0000000100000000)
  eden space 213504K, 36% used [0x00000000e0000000,0x00000000e4cd1b50,0x00000000ed080000)
  from space 22528K, 97% used [0x00000000ee780000,0x00000000efd0c040,0x00000000efd80000)
  to   space 35840K, 0% used [0x00000000efd80000,0x00000000efd80000,0x00000000f2080000)
 ParOldGen       total 242688K, used 82441K [0x00000000a0000000, 0x00000000aed00000, 0x00000000e0000000)
  object space 242688K, 33% used [0x00000000a0000000,0x00000000a50824e0,0x00000000aed00000)
 Metaspace       used 93572K, capacity 98533K, committed 98600K, reserved 1134592K
  class space    used 12505K, capacity 13480K, committed 13480K, reserved 1048576K
Event: 1729.245 GC heap after
Heap after GC invocations=21 (full 3):
 PSYoungGen      total 256000K, used 23024K [0x00000000e0000000, 0x00000000f2f80000, 0x0000000100000000)
  eden space 220160K, 0% used [0x00000000e0000000,0x00000000e0000000,0x00000000ed700000)
  from space 35840K, 64% used [0x00000000efd80000,0x00000000f13fc060,0x00000000f2080000)
  to   space 39424K, 0% used [0x00000000ed700000,0x00000000ed700000,0x00000000efd80000)
 ParOldGen       total 242688K, used 82449K [0x00000000a0000000, 0x00000000aed00000, 0x00000000e0000000)
  object space 242688K, 33% used [0x00000000a0000000,0x00000000a50844e0,0x00000000aed00000)
 Metaspace       used 93572K, capacity 98533K, committed 98600K, reserved 1134592K
  class space    used 12505K, capacity 13480K, committed 13480K, reserved 1048576K
}
Event: 1729.245 GC heap before
{Heap before GC invocations=22 (full 4):
 PSYoungGen      total 256000K, used 23024K [0x00000000e0000000, 0x00000000f2f80000, 0x0000000100000000)
  eden space 220160K, 0% used [0x00000000e0000000,0x00000000e0000000,0x00000000ed700000)
  from space 35840K, 64% used [0x00000000efd80000,0x00000000f13fc060,0x00000000f2080000)
  to   space 39424K, 0% used [0x00000000ed700000,0x00000000ed700000,0x00000000efd80000)
 ParOldGen       total 242688K, used 82449K [0x00000000a0000000, 0x00000000aed00000, 0x00000000e0000000)
  object space 242688K, 33% used [0x00000000a0000000,0x00000000a50844e0,0x00000000aed00000)
 Metaspace       used 93572K, capacity 98533K, committed 98600K, reserved 1134592K
  class space    used 12505K, capacity 13480K, committed 13480K, reserved 1048576K
Event: 1729.509 GC heap after
Heap after GC invocations=22 (full 4):
 PSYoungGen      total 256000K, used 0K [0x00000000e0000000, 0x00000000f2f80000, 0x0000000100000000)
  eden space 220160K, 0% used [0x00000000e0000000,0x00000000e0000000,0x00000000ed700000)
  from space 35840K, 0% used [0x00000000efd80000,0x00000000efd80000,0x00000000f2080000)
  to   space 39424K, 0% used [0x00000000ed700000,0x00000000ed700000,0x00000000efd80000)
 ParOldGen       total 378368K, used 69792K [0x00000000a0000000, 0x00000000b7180000, 0x00000000e0000000)
  object space 378368K, 18% used [0x00000000a0000000,0x00000000a44281d8,0x00000000b7180000)
 Metaspace       used 93280K, capacity 97903K, committed 98600K, reserved 1134592K
  class space    used 12430K, capacity 13343K, committed 13480K, reserved 1048576K
}
Event: 1768.816 GC heap before
{Heap before GC invocations=23 (full 4):
 PSYoungGen      total 256000K, used 220146K [0x00000000e0000000, 0x00000000f2f80000, 0x0000000100000000)
  eden space 220160K, 99% used [0x00000000e0000000,0x00000000ed6fca70,0x00000000ed700000)
  from space 35840K, 0% used [0x00000000efd80000,0x00000000efd80000,0x00000000f2080000)
  to   space 39424K, 0% used [0x00000000ed700000,0x00000000ed700000,0x00000000efd80000)
 ParOldGen       total 378368K, used 69792K [0x00000000a0000000, 0x00000000b7180000, 0x00000000e0000000)
  object space 378368K, 18% used [0x00000000a0000000,0x00000000a44281d8,0x00000000b7180000)
 Metaspace       used 93793K, capacity 98771K, committed 98984K, reserved 1134592K
  class space    used 12499K, capacity 13510K, committed 13608K, reserved 1048576K
Event: 1768.830 GC heap after
Heap after GC invocations=23 (full 4):
 PSYoungGen      total 259584K, used 17888K [0x00000000e0000000, 0x00000000f3380000, 0x0000000100000000)
  eden space 220160K, 0% used [0x00000000e0000000,0x00000000e0000000,0x00000000ed700000)
  from space 39424K, 45% used [0x00000000ed700000,0x00000000ee878030,0x00000000efd80000)
  to   space 37888K, 0% used [0x00000000f0e80000,0x00000000f0e80000,0x00000000f3380000)
 ParOldGen       total 378368K, used 69800K [0x00000000a0000000, 0x00000000b7180000, 0x00000000e0000000)
  object space 378368K, 18% used [0x00000000a0000000,0x00000000a442a1d8,0x00000000b7180000)
 Metaspace       used 93793K, capacity 98771K, committed 98984K, reserved 1134592K
  class space    used 12499K, capacity 13510K, committed 13608K, reserved 1048576K
}

